commit bbb8c6643bac2386e442f96b1c1b18e0b7df393e
Author: Cindy Tan <ctan@utexas.edu>
Date:   Fri Jun 19 01:31:32 2020 -0500

    added collatz_eval_helper function

commit 8fbb4885966ee128a936e100b1edde4f7cd27eb0
Author: Cindy Tan <ctan@utexas.edu>
Date:   Fri Jun 19 01:26:37 2020 -0500

    collatz_eval now considers when i > j

commit 17dcd06b86d59a5f0511cb7371af44b3053d341e
Author: Cindy Tan <ctan@utexas.edu>
Date:   Fri Jun 19 01:25:28 2020 -0500

    fixed collatz_eval to return valid max cycle length

commit 6cfedbc5c7210ff01ab981122daeb02d66f8f8e3
Author: Cindy Tan <ctan@utexas.edu>
Date:   Fri Jun 19 01:22:51 2020 -0500

    implemented collatz_eval

commit 7d702f9892b2a188c340ac38a9d6c697c3b5851d
Author: Cindy Tan <ctan@utexas.edu>
Date:   Fri Jun 19 01:16:03 2020 -0500

    added unit tests for each function

commit f75d137aa522d8d4424189d98abfd7b1e114b629
Author: Cindy Tan <ctan@utexas.edu>
Date:   Fri Jun 19 01:13:50 2020 -0500

    fixed given unit tests

commit d28ec686b65fa00601f98918517a9d33346cf203
Author: Cindy Tan <ctan@utexas.edu>
Date:   Tue Jun 16 16:41:46 2020 -0500

    third commit

commit 45a3cbe33c6dfe7a910e989af9ed781ec5abbe33
Author: Fares Fraij <fares@utexas.edu>
Date:   Sat Jun 6 10:35:45 2020 -0500

    second commit

commit 0cd09a5c9fb1a857dce11686104ab052d42b269b
Author: Fares Fraij <fares@utexas.edu>
Date:   Fri May 29 11:11:36 2020 -0500

    first commit

commit 3390fe29f60392d73e1810e7b55331c613e4a1c5
Author: Fares Fraij <fares@utexas.edu>
Date:   Fri May 29 16:02:55 2020 +0000

    Initial commit
